<?xml version="1.0" encoding="UTF-8"?>
<!-- Generated by org.testng.reporters.JUnitReportReporter -->
<testsuite hostname="LAPTOP-LEEKOTLG" failures="0" tests="5" name="in.amazon.testscripts.TestRunner" time="76.119" errors="0" timestamp="2022-08-28T14:12:20 IST" skipped="0">
  <testcase classname="in.amazon.testscripts.TestRunner" name="runScenario" time="16.944"/>
  <system-out/>
  <testcase classname="in.amazon.testscripts.TestRunner" name="runScenario" time="13.990"/>
  <system-out/>
  <testcase classname="in.amazon.testscripts.TestRunner" name="runScenario" time="14.563"/>
  <system-out/>
  <testcase classname="in.amazon.testscripts.TestRunner" name="runScenario" time="14.109"/>
  <system-out/>
  <testcase classname="in.amazon.testscripts.TestRunner" name="runScenario" time="16.513"/>
  <system-out/>
</testsuite> <!-- in.amazon.testscripts.TestRunner -->
